<?xml version="1.0" encoding="UTF-8"?>
<!-- Generated by org.testng.reporters.JUnitReportReporter -->
<testsuite hostname="DESKTOP-FLAG05I" failures="0" tests="3" name="tests.LoginTest" time="19.549" errors="0" timestamp="2024-10-30T17:26:22 EDT" skipped="2">
  <testcase classname="tests.LoginTest" name="verifyLoggingAfterchangingPassword" time="19.549"/>
  <testcase classname="tests.LoginTest" name="verifyNavigatingBackAfterLogout">
    <skipped/>
  </testcase> <!-- verifyNavigatingBackAfterLogout -->
  <testcase classname="tests.LoginTest" name="verifyNavigatingBackAfterSuccessfullLogin">
    <skipped/>
  </testcase> <!-- verifyNavigatingBackAfterSuccessfullLogin -->
</testsuite> <!-- tests.LoginTest -->
