<?xml version="1.0" encoding="UTF-8"?>
<!-- Generated by org.testng.reporters.JUnitReportReporter -->
<testsuite hostname="DESKTOP-FLAG05I" failures="0" tests="1" name="tests.LogoutTest" time="8.863" errors="0" timestamp="2024-10-31T14:15:56 EDT" skipped="0">
  <testcase classname="tests.LogoutTest" name="logoutFromMyAccountDropMenu" time="8.863"/>
</testsuite> <!-- tests.LogoutTest -->
