<?xml version="1.0" encoding="UTF-8"?>
<!-- Generated by org.testng.reporters.JUnitReportReporter -->
<testsuite hostname="DESKTOP-FLAG05I" failures="0" tests="2" name="tests.LogoutTest" time="16.086" errors="0" timestamp="2024-11-04T22:38:20 EST" skipped="0">
  <testcase classname="tests.LogoutTest" name="verifylogoutFromMyAccountDropMenu_Test" time="8.116"/>
  <testcase classname="tests.LogoutTest" name="verifyLogoutFromRightColumnOption_Test" time="7.970"/>
</testsuite> <!-- tests.LogoutTest -->
