<?xml version="1.0" encoding="UTF-8"?>
<!-- Generated by org.testng.reporters.JUnitReportReporter -->
<testsuite hostname="DESKTOP-FLAG05I" failures="0" tests="1" name="pagesobjects.BasePage" time="9.000" errors="0" timestamp="2024-10-08T10:08:09 EDT" skipped="0">
  <testcase classname="pagesobjects.BasePage" name="run" time="9.000"/>
</testsuite> <!-- pagesobjects.BasePage -->
