<?xml version="1.0" encoding="UTF-8"?>
<!-- Generated by org.testng.reporters.JUnitReportReporter -->
<testsuite hostname="DESKTOP-FLAG05I" failures="0" tests="2" name="tests.LogoutTest" time="13.553" errors="0" timestamp="2024-11-01T17:03:04 EDT" skipped="0">
  <testcase classname="tests.LogoutTest" name="logoutFromMyAccountDropMenu" time="7.102"/>
  <testcase classname="tests.LogoutTest" name="verifyLogoutFromRightColumnOption" time="6.451"/>
</testsuite> <!-- tests.LogoutTest -->
