<?xml version="1.0" encoding="UTF-8"?>
<!-- Generated by org.testng.reporters.JUnitReportReporter -->
<testsuite hostname="DESKTOP-FLAG05I" failures="0" tests="17" name="tests.LoginTest" time="99.235" errors="0" timestamp="2024-11-01T17:03:04 EDT" skipped="2">
  <testcase classname="tests.LoginTest" name="verifyLoginToApplicationUsingvalidCredentials" time="7.091"/>
  <testcase classname="tests.LoginTest" name="verifyLoginToApplicationUsingvalidCredentials" time="6.199"/>
  <testcase classname="tests.LoginTest" name="verifyLoginToApplicationUsingvalidCredentials" time="6.734"/>
  <testcase classname="tests.LoginTest" name="verifyLoginToApplicationUsingvalidCredentials" time="5.706"/>
  <testcase classname="tests.LoginTest" name="verifyLoginToApplicationUsingInvalidCredentials" time="5.409"/>
  <testcase classname="tests.LoginTest" name="verifyLoginToApplicationUsingInvalidCredentials" time="5.500"/>
  <testcase classname="tests.LoginTest" name="verifyLoginToApplicationUsingInvalidCredentials" time="6.676"/>
  <testcase classname="tests.LoginTest" name="verifyLoginToApplicationUsingInvalidCredentials" time="5.766"/>
  <testcase classname="tests.LoginTest" name="verifyForgotPasswordLink" time="6.044"/>
  <testcase classname="tests.LoginTest" name="verifyPlaceholdersOnLoginPage" time="5.201"/>
  <testcase classname="tests.LoginTest" name="verifyMaxLoginAttempts" time="8.341"/>
  <testcase classname="tests.LoginTest" name="verifyPasswordFieldToggleToHide" time="5.013"/>
  <testcase classname="tests.LoginTest" name="verifyPasswordCannotCopied" time="5.150"/>
  <testcase classname="tests.LoginTest" name="verifyPasswordNotVisibleInPageSource" time="5.510"/>
  <testcase classname="tests.LoginTest" name="verifyLoggingAfterchangingPassword" time="14.895"/>
  <testcase classname="tests.LoginTest" name="verifyNavigatingBackAfterSuccessfullLogin">
    <skipped/>
  </testcase> <!-- verifyNavigatingBackAfterSuccessfullLogin -->
  <testcase classname="tests.LoginTest" name="verifyNavigatingBackAfterLogout">
    <skipped/>
  </testcase> <!-- verifyNavigatingBackAfterLogout -->
</testsuite> <!-- tests.LoginTest -->
