<?xml version="1.0" encoding="UTF-8"?>
<!-- Generated by org.testng.reporters.JUnitReportReporter -->
<testsuite hostname="DESKTOP-FLAG05I" failures="0" tests="1" name="tests.Register" time="9.697" errors="0" timestamp="2024-10-24T13:01:14 EDT" skipped="0">
  <testcase classname="tests.Register" name="verifyRegisterAccountUsingMandatoryFields" time="9.697"/>
</testsuite> <!-- tests.Register -->
