<?xml version="1.0" encoding="UTF-8"?>
<!-- Generated by org.testng.reporters.JUnitReportReporter -->
<testsuite hostname="DESKTOP-FLAG05I" failures="0" tests="6" name="tests.LogoutTest" time="154.220" errors="0" timestamp="2024-11-06T22:12:30 EST" skipped="0">
  <testcase classname="tests.LogoutTest" name="verifyLogoutFromMainMenuDropdown_Test" time="24.204"/>
  <testcase classname="tests.LogoutTest" name="verifyLogoutFromMainMenuDropdown_Test" time="28.486"/>
  <testcase classname="tests.LogoutTest" name="verifyLogoutFromMainMenuDropdown_Test" time="29.086"/>
  <testcase classname="tests.LogoutTest" name="verifyLogoutFromRightColumnOption_Test" time="24.456"/>
  <testcase classname="tests.LogoutTest" name="verifyLogoutFromRightColumnOption_Test" time="20.852"/>
  <testcase classname="tests.LogoutTest" name="verifyLogoutFromRightColumnOption_Test" time="27.136"/>
</testsuite> <!-- tests.LogoutTest -->
