<?xml version="1.0" encoding="UTF-8"?>
<!-- Generated by org.testng.reporters.JUnitReportReporter -->
<testsuite hostname="DESKTOP-FLAG05I" failures="0" tests="2" name="tests.LogoutTest" time="21.619" errors="0" timestamp="2024-11-06T13:37:39 EST" skipped="0">
  <testcase classname="tests.LogoutTest" name="verifyLogoutFromMainMenuDropdown_Test" time="9.840"/>
  <testcase classname="tests.LogoutTest" name="verifyLogoutFromRightColumnOption_Test" time="11.779"/>
</testsuite> <!-- tests.LogoutTest -->
