<?xml version="1.0" encoding="UTF-8"?>
<!-- Generated by org.testng.reporters.JUnitReportReporter -->
<testsuite hostname="DESKTOP-FLAG05I" failures="0" tests="1" name="tests.Login" time="9.886" errors="0" timestamp="2024-10-26T17:00:09 EDT" skipped="0">
  <testcase classname="tests.Login" name="verifyLoggingAfterchangingPassword" time="9.886"/>
</testsuite> <!-- tests.Login -->
